<?xml version="1.0" encoding="UTF-8"?>
<!-- Generated by org.testng.reporters.JUnitReportReporter -->
<testsuite hostname="idayajesuss-MacBook-Pro.local" failures="0" tests="4" name="com.test.SampleTest2" time="0.010" errors="0" timestamp="18 Jul 2022 13:37:31 GMT" skipped="0">
  <testcase classname="com.test.SampleTest2" name="tc14" time="0.007"/>
  <testcase classname="com.test.SampleTest2" name="tco16" time="0.001"/>
  <testcase classname="com.test.SampleTest2" name="tco17" time="0.001"/>
  <testcase classname="com.test.SampleTest2" name="tco15" time="0.001"/>
</testsuite> <!-- com.test.SampleTest2 -->
