<?xml version="1.0" encoding="UTF-8"?>
<!-- Generated by org.testng.reporters.JUnitReportReporter -->
<testsuite hostname="idayajesuss-MacBook-Pro.local" failures="0" tests="4" name="com.test.TestNg" time="0.002" errors="0" timestamp="18 Jul 2022 13:37:31 GMT" skipped="0">
  <testcase classname="com.test.TestNg" name="tco3" time="0.000"/>
  <testcase classname="com.test.TestNg" name="tco2" time="0.001"/>
  <testcase classname="com.test.TestNg" name="tcoo" time="0.000"/>
  <testcase classname="com.test.TestNg" name="tco1" time="0.001"/>
</testsuite> <!-- com.test.TestNg -->
