<?xml version="1.0" encoding="UTF-8"?>
<!-- Generated by org.testng.reporters.JUnitReportReporter -->
<testsuite hostname="idayajesuss-MacBook-Pro.local" failures="0" tests="4" name="com.test.SampleTest1" time="0.002" errors="0" timestamp="18 Jul 2022 13:37:31 GMT" skipped="0">
  <testcase classname="com.test.SampleTest1" name="tco13" time="0.000"/>
  <testcase classname="com.test.SampleTest1" name="tco1" time="0.000"/>
  <testcase classname="com.test.SampleTest1" name="tco11" time="0.001"/>
  <testcase classname="com.test.SampleTest1" name="tco12" time="0.001"/>
</testsuite> <!-- com.test.SampleTest1 -->
